0 verbose cli C:\Program Files\nodejs\node.exe C:\Program Files\nodejs\node_modules\npm\bin\npm-cli.js
1 info using npm@11.12.1
2 info using node@v24.15.0
3 silly config load:file:C:\Program Files\nodejs\node_modules\npm\npmrc
4 silly config load:file:D:\html\Projects\Assignment-9\Tutor Media\Mediqueue-Server\.npmrc
5 silly config load:file:C:\Users\Maoya\.npmrc
6 silly config load:file:C:\Users\Maoya\AppData\Roaming\npm\etc\npmrc
7 verbose title npm install mongodb
8 verbose argv "install" "mongodb"
9 verbose logfile logs-max:10 dir:D:\html\Projects\Assignment-9\Tutor Media\Mediqueue-Server\npm-cache\_logs\2026-06-10T17_00_57_446Z-
10 verbose logfile D:\html\Projects\Assignment-9\Tutor Media\Mediqueue-Server\npm-cache\_logs\2026-06-10T17_00_57_446Z-debug-0.log
11 silly logfile done cleaning log files
12 silly packumentCache heap:2348810240 maxSize:587202560 maxEntrySize:293601280
13 silly idealTree buildDeps
14 silly fetch manifest mongodb@*
15 silly packumentCache full:https://registry.npmjs.org/mongodb cache-miss
16 http fetch GET 200 https://registry.npmjs.org/mongodb 762ms (cache miss)
17 silly packumentCache full:https://registry.npmjs.org/mongodb set size:undefined disposed:false
18 silly fetch manifest @aws-sdk/credential-providers@^3.806.0
19 silly packumentCache full:https://registry.npmjs.org/@aws-sdk%2fcredential-providers cache-miss
20 http fetch GET 200 https://registry.npmjs.org/@aws-sdk%2fcredential-providers 3185ms (cache miss)
21 silly packumentCache full:https://registry.npmjs.org/@aws-sdk%2fcredential-providers set size:undefined disposed:false
22 silly fetch manifest @mongodb-js/zstd@^7.0.0
23 silly packumentCache full:https://registry.npmjs.org/@mongodb-js%2fzstd cache-miss
24 http fetch GET 200 https://registry.npmjs.org/@mongodb-js%2fzstd 1694ms (cache miss)
25 silly packumentCache full:https://registry.npmjs.org/@mongodb-js%2fzstd set size:undefined disposed:false
26 silly fetch manifest gcp-metadata@^7.0.1
27 silly packumentCache full:https://registry.npmjs.org/gcp-metadata cache-miss
28 http fetch GET 200 https://registry.npmjs.org/gcp-metadata 117ms (cache miss)
29 silly packumentCache full:https://registry.npmjs.org/gcp-metadata set size:undefined disposed:false
30 silly fetch manifest kerberos@^7.0.0
31 silly packumentCache full:https://registry.npmjs.org/kerberos cache-miss
32 http fetch GET 200 https://registry.npmjs.org/kerberos 72ms (cache miss)
33 silly packumentCache full:https://registry.npmjs.org/kerberos set size:undefined disposed:false
34 silly fetch manifest mongodb-client-encryption@>=7.0.0 <7.1.0
35 silly packumentCache full:https://registry.npmjs.org/mongodb-client-encryption cache-miss
36 http fetch GET 200 https://registry.npmjs.org/mongodb-client-encryption 99ms (cache miss)
37 silly packumentCache full:https://registry.npmjs.org/mongodb-client-encryption set size:undefined disposed:false
38 silly fetch manifest snappy@^7.3.2
39 silly packumentCache full:https://registry.npmjs.org/snappy cache-miss
40 http fetch GET 200 https://registry.npmjs.org/snappy 2065ms (cache miss)
41 silly packumentCache full:https://registry.npmjs.org/snappy set size:undefined disposed:false
42 silly fetch manifest socks@^2.8.6
43 silly packumentCache full:https://registry.npmjs.org/socks cache-miss
44 http fetch GET 200 https://registry.npmjs.org/socks 55ms (cache miss)
45 silly packumentCache full:https://registry.npmjs.org/socks set size:undefined disposed:false
46 silly placeDep ROOT mongodb@7.3.0 OK for: mediqueue-server@1.0.0 want: *
47 silly fetch manifest bson@^7.2.0
48 silly packumentCache full:https://registry.npmjs.org/bson cache-miss
49 silly fetch manifest @mongodb-js/saslprep@^1.3.0
50 silly packumentCache full:https://registry.npmjs.org/@mongodb-js%2fsaslprep cache-miss
51 silly fetch manifest mongodb-connection-string-url@^7.0.0
52 silly packumentCache full:https://registry.npmjs.org/mongodb-connection-string-url cache-miss
53 http fetch GET 200 https://registry.npmjs.org/bson 452ms (cache miss)
54 silly packumentCache full:https://registry.npmjs.org/bson set size:undefined disposed:false
55 http fetch GET 200 https://registry.npmjs.org/@mongodb-js%2fsaslprep 768ms (cache miss)
56 silly packumentCache full:https://registry.npmjs.org/@mongodb-js%2fsaslprep set size:undefined disposed:false
57 http fetch GET 200 https://registry.npmjs.org/mongodb-connection-string-url 1341ms (cache miss)
58 silly packumentCache full:https://registry.npmjs.org/mongodb-connection-string-url set size:undefined disposed:false
59 silly placeDep ROOT @mongodb-js/saslprep@1.4.11 OK for: mongodb@7.3.0 want: ^1.3.0
60 silly placeDep ROOT bson@7.2.0 OK for: mongodb@7.3.0 want: ^7.2.0
61 silly placeDep ROOT mongodb-connection-string-url@7.0.1 OK for: mongodb@7.3.0 want: ^7.0.0
62 silly fetch manifest sparse-bitfield@^3.0.3
63 silly packumentCache full:https://registry.npmjs.org/sparse-bitfield cache-miss
64 silly fetch manifest whatwg-url@^14.1.0
65 silly packumentCache full:https://registry.npmjs.org/whatwg-url cache-miss
66 silly fetch manifest @types/whatwg-url@^13.0.0
67 silly packumentCache full:https://registry.npmjs.org/@types%2fwhatwg-url cache-miss
68 http fetch GET 200 https://registry.npmjs.org/sparse-bitfield 72ms (cache miss)
69 silly packumentCache full:https://registry.npmjs.org/sparse-bitfield set size:undefined disposed:false
70 http fetch GET 200 https://registry.npmjs.org/whatwg-url 380ms (cache miss)
71 silly packumentCache full:https://registry.npmjs.org/whatwg-url set size:undefined disposed:false
72 http fetch GET 200 https://registry.npmjs.org/@types%2fwhatwg-url 747ms (cache miss)
73 silly packumentCache full:https://registry.npmjs.org/@types%2fwhatwg-url set size:undefined disposed:false
74 silly placeDep ROOT sparse-bitfield@3.0.3 OK for: @mongodb-js/saslprep@1.4.11 want: ^3.0.3
75 silly fetch manifest memory-pager@^1.0.2
76 silly packumentCache full:https://registry.npmjs.org/memory-pager cache-miss
77 http fetch GET 200 https://registry.npmjs.org/memory-pager 380ms (cache miss)
78 silly packumentCache full:https://registry.npmjs.org/memory-pager set size:undefined disposed:false
79 silly placeDep ROOT @types/whatwg-url@13.0.0 OK for: mongodb-connection-string-url@7.0.1 want: ^13.0.0
80 silly placeDep ROOT whatwg-url@14.2.0 OK for: mongodb-connection-string-url@7.0.1 want: ^14.1.0
81 silly fetch manifest @types/webidl-conversions@*
82 silly packumentCache full:https://registry.npmjs.org/@types%2fwebidl-conversions cache-miss
83 silly fetch manifest tr46@^5.1.0
84 silly packumentCache full:https://registry.npmjs.org/tr46 cache-miss
85 silly fetch manifest webidl-conversions@^7.0.0
86 silly packumentCache full:https://registry.npmjs.org/webidl-conversions cache-miss
87 http fetch GET 200 https://registry.npmjs.org/webidl-conversions 59ms (cache miss)
88 silly packumentCache full:https://registry.npmjs.org/webidl-conversions set size:undefined disposed:false
89 http fetch GET 200 https://registry.npmjs.org/tr46 355ms (cache miss)
90 silly packumentCache full:https://registry.npmjs.org/tr46 set size:undefined disposed:false
91 http fetch GET 200 https://registry.npmjs.org/@types%2fwebidl-conversions 400ms (cache miss)
92 silly packumentCache full:https://registry.npmjs.org/@types%2fwebidl-conversions set size:undefined disposed:false
93 silly placeDep ROOT @types/webidl-conversions@7.0.3 OK for: @types/whatwg-url@13.0.0 want: *
94 silly placeDep ROOT memory-pager@1.5.0 OK for: sparse-bitfield@3.0.3 want: ^1.0.2
95 silly placeDep ROOT tr46@5.1.1 OK for: whatwg-url@14.2.0 want: ^5.1.0
96 silly placeDep ROOT webidl-conversions@7.0.0 OK for: whatwg-url@14.2.0 want: ^7.0.0
97 silly fetch manifest punycode@^2.3.1
98 silly packumentCache full:https://registry.npmjs.org/punycode cache-miss
99 http fetch GET 200 https://registry.npmjs.org/punycode 358ms (cache miss)
100 silly packumentCache full:https://registry.npmjs.org/punycode set size:undefined disposed:false
101 silly placeDep ROOT punycode@2.3.1 OK for: tr46@5.1.1 want: ^2.3.1
102 silly reify moves {}
103 silly audit bulk request {
103 silly audit   accepts: [ '2.0.0' ],
103 silly audit   'body-parser': [ '2.2.2' ],
103 silly audit   bytes: [ '3.1.2' ],
103 silly audit   'call-bind-apply-helpers': [ '1.0.2' ],
103 silly audit   'call-bound': [ '1.0.4' ],
103 silly audit   'content-disposition': [ '1.1.0' ],
103 silly audit   'content-type': [ '1.0.5', '2.0.0' ],
103 silly audit   cookie: [ '0.7.2' ],
103 silly audit   'cookie-signature': [ '1.2.2' ],
103 silly audit   debug: [ '4.4.3' ],
103 silly audit   depd: [ '2.0.0' ],
103 silly audit   'dunder-proto': [ '1.0.1' ],
103 silly audit   'ee-first': [ '1.1.1' ],
103 silly audit   encodeurl: [ '2.0.0' ],
103 silly audit   'es-define-property': [ '1.0.1' ],
103 silly audit   'es-errors': [ '1.3.0' ],
103 silly audit   'es-object-atoms': [ '1.1.2' ],
103 silly audit   'escape-html': [ '1.0.3' ],
103 silly audit   etag: [ '1.8.1' ],
103 silly audit   express: [ '5.2.1' ],
103 silly audit   finalhandler: [ '2.1.1' ],
103 silly audit   forwarded: [ '0.2.0' ],
103 silly audit   fresh: [ '2.0.0' ],
103 silly audit   'function-bind': [ '1.1.2' ],
103 silly audit   'get-intrinsic': [ '1.3.0' ],
103 silly audit   'get-proto': [ '1.0.1' ],
103 silly audit   gopd: [ '1.2.0' ],
103 silly audit   'has-symbols': [ '1.1.0' ],
103 silly audit   hasown: [ '2.0.4' ],
103 silly audit   'http-errors': [ '2.0.1' ],
103 silly audit   'iconv-lite': [ '0.7.2' ],
103 silly audit   inherits: [ '2.0.4' ],
103 silly audit   'ipaddr.js': [ '1.9.1' ],
103 silly audit   'is-promise': [ '4.0.0' ],
103 silly audit   'math-intrinsics': [ '1.1.0' ],
103 silly audit   'media-typer': [ '1.1.0' ],
103 silly audit   'merge-descriptors': [ '2.0.0' ],
103 silly audit   'mime-db': [ '1.54.0' ],
103 silly audit   'mime-types': [ '3.0.2' ],
103 silly audit   ms: [ '2.1.3' ],
103 silly audit   negotiator: [ '1.0.0' ],
103 silly audit   'object-inspect': [ '1.13.4' ],
103 silly audit   'on-finished': [ '2.4.1' ],
103 silly audit   once: [ '1.4.0' ],
103 silly audit   parseurl: [ '1.3.3' ],
103 silly audit   'path-to-regexp': [ '8.4.2' ],
103 silly audit   'proxy-addr': [ '2.0.7' ],
103 silly audit   qs: [ '6.15.2' ],
103 silly audit   'range-parser': [ '1.2.1' ],
103 silly audit   'raw-body': [ '3.0.2' ],
103 silly audit   router: [ '2.2.0' ],
103 silly audit   'safer-buffer': [ '2.1.2' ],
103 silly audit   send: [ '1.2.1' ],
103 silly audit   'serve-static': [ '2.2.1' ],
103 silly audit   setprototypeof: [ '1.2.0' ],
103 silly audit   'side-channel': [ '1.1.1' ],
103 silly audit   'side-channel-list': [ '1.0.1' ],
103 silly audit   'side-channel-map': [ '1.0.1' ],
103 silly audit   'side-channel-weakmap': [ '1.0.2' ],
103 silly audit   statuses: [ '2.0.2' ],
103 silly audit   toidentifier: [ '1.0.1' ],
103 silly audit   'type-is': [ '2.1.0' ],
103 silly audit   unpipe: [ '1.0.0' ],
103 silly audit   vary: [ '1.1.2' ],
103 silly audit   wrappy: [ '1.0.2' ],
103 silly audit   mongodb: [ '7.3.0' ],
103 silly audit   '@mongodb-js/saslprep': [ '1.4.11' ],
103 silly audit   bson: [ '7.2.0' ],
103 silly audit   'mongodb-connection-string-url': [ '7.0.1' ],
103 silly audit   'sparse-bitfield': [ '3.0.3' ],
103 silly audit   '@types/whatwg-url': [ '13.0.0' ],
103 silly audit   'whatwg-url': [ '14.2.0' ],
103 silly audit   '@types/webidl-conversions': [ '7.0.3' ],
103 silly audit   'memory-pager': [ '1.5.0' ],
103 silly audit   tr46: [ '5.1.1' ],
103 silly audit   'webidl-conversions': [ '7.0.0' ],
103 silly audit   punycode: [ '2.3.1' ]
103 silly audit }
104 http cache punycode@https://registry.npmjs.org/punycode/-/punycode-2.3.1.tgz 0ms (cache hit)
105 http cache webidl-conversions@https://registry.npmjs.org/webidl-conversions/-/webidl-conversions-7.0.0.tgz 0ms (cache hit)
106 http cache tr46@https://registry.npmjs.org/tr46/-/tr46-5.1.1.tgz 0ms (cache hit)
107 http cache memory-pager@https://registry.npmjs.org/memory-pager/-/memory-pager-1.5.0.tgz 0ms (cache hit)
108 http cache @types/webidl-conversions@https://registry.npmjs.org/@types/webidl-conversions/-/webidl-conversions-7.0.3.tgz 0ms (cache hit)
109 http cache whatwg-url@https://registry.npmjs.org/whatwg-url/-/whatwg-url-14.2.0.tgz 0ms (cache hit)
110 http cache sparse-bitfield@https://registry.npmjs.org/sparse-bitfield/-/sparse-bitfield-3.0.3.tgz 0ms (cache hit)
111 http cache mongodb-connection-string-url@https://registry.npmjs.org/mongodb-connection-string-url/-/mongodb-connection-string-url-7.0.1.tgz 0ms (cache hit)
112 http cache @types/whatwg-url@https://registry.npmjs.org/@types/whatwg-url/-/whatwg-url-13.0.0.tgz 1ms (cache hit)
113 http cache bson@https://registry.npmjs.org/bson/-/bson-7.2.0.tgz 0ms (cache hit)
114 http cache @mongodb-js/saslprep@https://registry.npmjs.org/@mongodb-js/saslprep/-/saslprep-1.4.11.tgz 0ms (cache hit)
115 http cache mongodb@https://registry.npmjs.org/mongodb/-/mongodb-7.3.0.tgz 0ms (cache hit)
116 silly tarball no local data for punycode@https://registry.npmjs.org/punycode/-/punycode-2.3.1.tgz. Extracting by manifest.
117 silly tarball no local data for webidl-conversions@https://registry.npmjs.org/webidl-conversions/-/webidl-conversions-7.0.0.tgz. Extracting by manifest.
118 silly tarball no local data for tr46@https://registry.npmjs.org/tr46/-/tr46-5.1.1.tgz. Extracting by manifest.
119 silly tarball no local data for memory-pager@https://registry.npmjs.org/memory-pager/-/memory-pager-1.5.0.tgz. Extracting by manifest.
120 silly tarball no local data for @types/webidl-conversions@https://registry.npmjs.org/@types/webidl-conversions/-/webidl-conversions-7.0.3.tgz. Extracting by manifest.
121 silly tarball no local data for whatwg-url@https://registry.npmjs.org/whatwg-url/-/whatwg-url-14.2.0.tgz. Extracting by manifest.
122 silly tarball no local data for sparse-bitfield@https://registry.npmjs.org/sparse-bitfield/-/sparse-bitfield-3.0.3.tgz. Extracting by manifest.
123 silly tarball no local data for mongodb-connection-string-url@https://registry.npmjs.org/mongodb-connection-string-url/-/mongodb-connection-string-url-7.0.1.tgz. Extracting by manifest.
124 silly tarball no local data for @types/whatwg-url@https://registry.npmjs.org/@types/whatwg-url/-/whatwg-url-13.0.0.tgz. Extracting by manifest.
125 silly tarball no local data for bson@https://registry.npmjs.org/bson/-/bson-7.2.0.tgz. Extracting by manifest.
126 silly tarball no local data for @mongodb-js/saslprep@https://registry.npmjs.org/@mongodb-js/saslprep/-/saslprep-1.4.11.tgz. Extracting by manifest.
127 silly tarball no local data for mongodb@https://registry.npmjs.org/mongodb/-/mongodb-7.3.0.tgz. Extracting by manifest.
128 http fetch GET 200 https://registry.npmjs.org/webidl-conversions/-/webidl-conversions-7.0.0.tgz 419ms (cache miss)
129 http fetch POST 200 https://registry.npmjs.org/-/npm/v1/security/advisories/bulk 453ms
130 silly audit report {}
131 http fetch GET 200 https://registry.npmjs.org/punycode/-/punycode-2.3.1.tgz 451ms (cache miss)
132 http fetch GET 200 https://registry.npmjs.org/sparse-bitfield/-/sparse-bitfield-3.0.3.tgz 494ms (cache miss)
133 http fetch GET 200 https://registry.npmjs.org/memory-pager/-/memory-pager-1.5.0.tgz 505ms (cache miss)
134 http fetch GET 200 https://registry.npmjs.org/mongodb-connection-string-url/-/mongodb-connection-string-url-7.0.1.tgz 616ms (cache miss)
135 http fetch GET 200 https://registry.npmjs.org/tr46/-/tr46-5.1.1.tgz 727ms (cache miss)
136 http fetch GET 200 https://registry.npmjs.org/whatwg-url/-/whatwg-url-14.2.0.tgz 771ms (cache miss)
137 http fetch GET 200 https://registry.npmjs.org/@types/whatwg-url/-/whatwg-url-13.0.0.tgz 1141ms (cache miss)
138 http fetch GET 200 https://registry.npmjs.org/@mongodb-js/saslprep/-/saslprep-1.4.11.tgz 1221ms (cache miss)
139 http fetch GET 200 https://registry.npmjs.org/@types/webidl-conversions/-/webidl-conversions-7.0.3.tgz 1786ms (cache miss)
140 http fetch GET 200 https://registry.npmjs.org/bson/-/bson-7.2.0.tgz 1793ms (cache miss)
141 http fetch GET 200 https://registry.npmjs.org/mongodb/-/mongodb-7.3.0.tgz 3947ms (cache miss)
142 silly ADD node_modules/punycode
143 silly ADD node_modules/webidl-conversions
144 silly ADD node_modules/tr46
145 silly ADD node_modules/memory-pager
146 silly ADD node_modules/@types/webidl-conversions
147 silly ADD node_modules/whatwg-url
148 silly ADD node_modules/@types/whatwg-url
149 silly ADD node_modules/sparse-bitfield
150 silly ADD node_modules/mongodb-connection-string-url
151 silly ADD node_modules/bson
152 silly ADD node_modules/@mongodb-js/saslprep
153 silly ADD node_modules/mongodb
154 verbose cwd D:\html\Projects\Assignment-9\Tutor Media\Mediqueue-Server
155 verbose os Windows_NT 10.0.19045
156 verbose node v24.15.0
157 verbose npm  v11.12.1
158 verbose exit 0
159 info ok
