0 verbose cli C:\Program Files\nodejs\node.exe C:\Program Files\nodejs\node_modules\npm\bin\npm-cli.js
1 info using npm@11.12.1
2 info using node@v24.15.0
3 silly config load:file:C:\Program Files\nodejs\node_modules\npm\npmrc
4 silly config load:file:d:\html\Projects\Assignment-9\Tutor Media\Mediqueue-Server\.npmrc
5 silly config load:file:C:\Users\Maoya\.npmrc
6 silly config load:file:C:\Users\Maoya\AppData\Roaming\npm\etc\npmrc
7 verbose title npm view express description dist-tags.latest homepage version time
8 verbose argv "view" "--json" "--" "express" "description" "dist-tags.latest" "homepage" "version" "time"
9 verbose logfile logs-max:10 dir:D:\html\Projects\Assignment-9\Tutor Media\Mediqueue-Server\npm-cache\_logs\2026-06-14T08_24_41_142Z-
10 verbose logfile D:\html\Projects\Assignment-9\Tutor Media\Mediqueue-Server\npm-cache\_logs\2026-06-14T08_24_41_142Z-debug-0.log
11 silly logfile start cleaning logs, removing 2 files
12 silly logfile done cleaning log files
13 http fetch GET 200 https://registry.npmjs.org/express 288ms (cache revalidated)
14 verbose cwd d:\html\Projects\Assignment-9\Tutor Media\Mediqueue-Server
15 verbose os Windows_NT 10.0.19045
16 verbose node v24.15.0
17 verbose npm  v11.12.1
18 verbose exit 0
19 info ok
